<?xml version="1.0" encoding="UTF-8"?>
<testng-results ignored="0" total="3" passed="3" failed="0" skipped="0">
  <reporter-output>
    <line>
      <![CDATA[result ]]>
    </line>
    <line>
      <![CDATA[<a href="E:\selenium\ecplise_workspace\testngtesting\screenshot\Mon-May-02-12-08-20-IST-2022.jpg">screenshot</a>]]>
    </line>
    <line>
      <![CDATA[test 3, regression and bvt ]]>
    </line>
  </reporter-output>
  <suite started-at="2022-05-05T10:26:33 IST" name="reportsuite" finished-at="2022-05-05T10:26:33 IST" duration-ms="164">
    <groups>
    </groups>
    <test started-at="2022-05-05T10:26:33 IST" name="Test" finished-at="2022-05-05T10:26:33 IST" duration-ms="164">
      <class name="testngtestui.reports">
        <test-method is-config="true" signature="before()[pri:0, instance:testngtestui.reports@186f8716]" started-at="2022-05-05T10:26:33 IST" name="before" finished-at="2022-05-05T10:26:33 IST" duration-ms="11" status="PASS">
          <reporter-output>
            <line>
              <![CDATA[result ]]>
            </line>
          </reporter-output>
        </test-method> <!-- before -->
        <test-method signature="first()[pri:0, instance:testngtestui.reports@186f8716]" started-at="2022-05-05T10:26:33 IST" name="first" finished-at="2022-05-05T10:26:33 IST" duration-ms="34" status="PASS">
          <reporter-output>
            <line>
              <![CDATA[<a href="E:\selenium\ecplise_workspace\testngtesting\screenshot\Mon-May-02-12-08-20-IST-2022.jpg">screenshot</a>]]>
            </line>
          </reporter-output>
        </test-method> <!-- first -->
        <test-method signature="second()[pri:0, instance:testngtestui.reports@186f8716]" started-at="2022-05-05T10:26:33 IST" name="second" finished-at="2022-05-05T10:26:33 IST" duration-ms="7" status="PASS">
          <reporter-output>
          </reporter-output>
        </test-method> <!-- second -->
        <test-method signature="third()[pri:0, instance:testngtestui.reports@186f8716]" started-at="2022-05-05T10:26:33 IST" name="third" finished-at="2022-05-05T10:26:33 IST" duration-ms="8" status="PASS">
          <reporter-output>
            <line>
              <![CDATA[test 3, regression and bvt ]]>
            </line>
          </reporter-output>
        </test-method> <!-- third -->
        <test-method is-config="true" signature="after()[pri:0, instance:testngtestui.reports@186f8716]" started-at="2022-05-05T10:26:34 IST" name="after" finished-at="2022-05-05T10:26:34 IST" duration-ms="1" status="PASS">
          <reporter-output>
          </reporter-output>
        </test-method> <!-- after -->
      </class> <!-- testngtestui.reports -->
    </test> <!-- Test -->
  </suite> <!-- reportsuite -->
</testng-results>
