<?xml version="1.0" encoding="UTF-8"?>
<!-- Generated by org.testng.reporters.JUnitXMLReporter -->
<testsuite ignored="1" hostname="DESKTOP-0QEN6VG" failures="0" tests="3" name="Test" time="0.08" errors="0" timestamp="2022-04-26T10:28:05 IST">
  <testcase classname="testngtestui.groupTest" name="first" time="0.008">
    <skipped/>
  </testcase> <!-- first -->
  <testcase classname="testngtestui.groupTest" name="fourth" time="0.001"/>
  <testcase classname="testngtestui.groupTest" name="third" time="0.001"/>
  <testcase classname="testngtestui.groupTest" name="second" time="0.0">
    <ignored/>
  </testcase> <!-- second -->
</testsuite> <!-- Test -->
