<?xml version="1.0" encoding="UTF-8"?>
<!-- Generated by org.testng.reporters.JUnitXMLReporter -->
<testsuite ignored="0" hostname="DESKTOP-0QEN6VG" failures="1" tests="1" name="Suite5" time="8.709" errors="0" timestamp="2022-05-02T12:48:51 IST">
  <testcase classname="testngtestui.ListenerDemoTest" name="launchapp" time="8.614">
    <failure type="java.lang.AssertionError" message="expected [true] but found [false]">
      <![CDATA[java.lang.AssertionError: expected [true] but found [false]
at testngtestui.ListenerDemoTest.launchapp(ListenerDemoTest.java:12)
at java.base/java.util.ArrayList.forEach(ArrayList.java:1511)
... Removed 31 stack frames]]>
    </failure>
  </testcase> <!-- launchapp -->
</testsuite> <!-- Suite5 -->
