<?xml version="1.0" encoding="UTF-8"?>
<!-- Generated by org.testng.reporters.JUnitXMLReporter -->
<testsuite ignored="2" hostname="DESKTOP-0QEN6VG" failures="0" tests="2" name="GRP-bvt" time="0.105" errors="0" timestamp="2022-04-25T09:29:47 IST">
  <testcase classname="testngtestui.groupTest" name="fourth" time="0.015"/>
  <testcase classname="testngtestui.groupTest" name="third" time="0.003"/>
  <testcase classname="testngtestui.groupTest" name="second" time="0.0">
    <ignored/>
  </testcase> <!-- second -->
  <testcase classname="testngtestui.groupTest" name="first" time="0.0">
    <ignored/>
  </testcase> <!-- first -->
</testsuite> <!-- GRP-bvt -->
