<?xml version="1.0" encoding="UTF-8"?>
<!-- Generated by org.testng.reporters.JUnitXMLReporter -->
<testsuite ignored="1" hostname="DESKTOP-0QEN6VG" failures="0" tests="3" name="GRP-regression" time="0.084" errors="0" timestamp="2022-04-25T09:30:26 IST">
  <testcase classname="testngtestui.groupTest" name="first" time="0.014"/>
  <testcase classname="testngtestui.groupTest" name="second" time="0.003"/>
  <testcase classname="testngtestui.groupTest" name="third" time="0.003"/>
  <testcase classname="testngtestui.groupTest" name="fourth" time="0.0">
    <ignored/>
  </testcase> <!-- fourth -->
</testsuite> <!-- GRP-regression -->
