<?xml version="1.0" encoding="UTF-8"?>
<!-- Generated by org.testng.reporters.JUnitXMLReporter -->
<testsuite ignored="1" hostname="DESKTOP-0QEN6VG" failures="0" tests="4" name="GRP-static" time="0.157" errors="0" timestamp="2022-04-26T12:32:38 IST">
  <testcase classname="testngtestui.dataProviderDemoTest" name="test" time="0.012"/>
  <testcase classname="testngtestui.dataProviderDemoTest" name="test" time="0.005"/>
  <testcase classname="testngtestui.dataProviderDemoTest" name="test" time="0.009"/>
  <testcase classname="testngtestui.dataProviderDemoTest" name="test" time="0.008"/>
  <testcase classname="testngtestui.dataProviderDemoTest" name="test1" time="0.0">
    <ignored/>
  </testcase> <!-- test1 -->
</testsuite> <!-- GRP-static -->
