<?xml version="1.0" encoding="UTF-8"?>
<!-- Generated by org.testng.reporters.JUnitXMLReporter -->
<testsuite ignored="1" hostname="DESKTOP-0QEN6VG" failures="1" tests="3" name="Suite3" time="0.13" errors="0" timestamp="2022-05-02T11:02:09 IST">
  <testcase classname="testngtestui.groupTest" name="first" time="0.011">
    <skipped/>
  </testcase> <!-- first -->
  <testcase classname="testngtestui.groupTest" name="fourth" time="0.019">
    <failure type="java.lang.AssertionError" message="expected [true] but found [false]">
      <![CDATA[java.lang.AssertionError: expected [true] but found [false]
at testngtestui.groupTest.fourth(groupTest.java:33)
at java.base/java.util.ArrayList.forEach(ArrayList.java:1511)
... Removed 31 stack frames]]>
    </failure>
  </testcase> <!-- fourth -->
  <testcase classname="testngtestui.groupTest" name="third" time="0.003"/>
  <testcase classname="testngtestui.groupTest" name="second" time="0.0">
    <ignored/>
  </testcase> <!-- second -->
</testsuite> <!-- Suite3 -->
