<?xml version="1.0" encoding="UTF-8"?>
<!-- Generated by org.testng.reporters.JUnitXMLReporter -->
<testsuite ignored="0" hostname="DESKTOP-0QEN6VG" failures="0" tests="3" name="Default test" time="0.179" errors="0" timestamp="2022-05-05T09:52:54 IST">
  <testcase classname="testngtestui.reports" name="first" time="0.019"/>
  <testcase classname="testngtestui.reports" name="second" time="0.004"/>
  <testcase classname="testngtestui.reports" name="third" time="0.005"/>
</testsuite> <!-- Default test -->
